<?xml version="1.0" encoding="UTF-8"?>
<testsuite xmlns:xsi="http://www.w3.org/2001/XMLSchema-instance" xsi:noNamespaceSchemaLocation="https://maven.apache.org/surefire/maven-surefire-plugin/xsd/surefire-test-report-3.0.xsd" version="3.0" name="com.arthurgrig.vendingMachine.VendingMachineTest" time="0.027" tests="4" errors="0" skipped="0" failures="0">
  <properties>
    <property name="gopherProxySet" value="false"/>
    <property name="awt.toolkit" value="sun.lwawt.macosx.LWCToolkit"/>
    <property name="java.specification.version" value="11"/>
    <property name="sun.cpu.isalist" value=""/>
    <property name="sun.jnu.encoding" value="UTF-8"/>
    <property name="java.class.path" value="/Users/agrigoryan2/workspace/github/vendingMachine/target/test-classes:/Users/agrigoryan2/workspace/github/vendingMachine/target/classes:/Users/agrigoryan2/.m2/repository/org/spockframework/spock-core/2.0-M1-groovy-2.5/spock-core-2.0-M1-groovy-2.5.jar:/Users/agrigoryan2/.m2/repository/org/codehaus/groovy/groovy-json/2.5.8/groovy-json-2.5.8.jar:/Users/agrigoryan2/.m2/repository/org/codehaus/groovy/groovy-nio/2.5.8/groovy-nio-2.5.8.jar:/Users/agrigoryan2/.m2/repository/org/codehaus/groovy/groovy-macro/2.5.8/groovy-macro-2.5.8.jar:/Users/agrigoryan2/.m2/repository/org/codehaus/groovy/groovy-templates/2.5.8/groovy-templates-2.5.8.jar:/Users/agrigoryan2/.m2/repository/org/codehaus/groovy/groovy-test/2.5.8/groovy-test-2.5.8.jar:/Users/agrigoryan2/.m2/repository/org/codehaus/groovy/groovy-sql/2.5.8/groovy-sql-2.5.8.jar:/Users/agrigoryan2/.m2/repository/org/codehaus/groovy/groovy-xml/2.5.8/groovy-xml-2.5.8.jar:/Users/agrigoryan2/.m2/repository/org/junit/platform/junit-platform-engine/1.5.2/junit-platform-engine-1.5.2.jar:/Users/agrigoryan2/.m2/repository/org/apiguardian/apiguardian-api/1.1.0/apiguardian-api-1.1.0.jar:/Users/agrigoryan2/.m2/repository/org/opentest4j/opentest4j/1.2.0/opentest4j-1.2.0.jar:/Users/agrigoryan2/.m2/repository/org/junit/platform/junit-platform-commons/1.5.2/junit-platform-commons-1.5.2.jar:/Users/agrigoryan2/.m2/repository/junit/junit/4.12/junit-4.12.jar:/Users/agrigoryan2/.m2/repository/org/spockframework/spock-junit4/2.0-M1-groovy-2.5/spock-junit4-2.0-M1-groovy-2.5.jar:/Users/agrigoryan2/.m2/repository/org/codehaus/groovy/groovy/2.5.8/groovy-2.5.8.jar:/Users/agrigoryan2/.m2/repository/net/bytebuddy/byte-buddy/1.9.3/byte-buddy-1.9.3.jar:/Users/agrigoryan2/.m2/repository/org/objenesis/objenesis/2.6/objenesis-2.6.jar:/Users/agrigoryan2/.m2/repository/org/hamcrest/hamcrest-core/1.3/hamcrest-core-1.3.jar:"/>
    <property name="java.vm.vendor" value="Oracle Corporation"/>
    <property name="sun.arch.data.model" value="64"/>
    <property name="java.vendor.url" value="http://java.oracle.com/"/>
    <property name="user.timezone" value=""/>
    <property name="java.vm.specification.version" value="11"/>
    <property name="os.name" value="Mac OS X"/>
    <property name="sun.java.launcher" value="SUN_STANDARD"/>
    <property name="user.country" value="US"/>
    <property name="sun.boot.library.path" value="/Library/Java/JavaVirtualMachines/openjdk-11.0.2.jdk/Contents/Home/lib"/>
    <property name="sun.java.command" value="/Users/agrigoryan2/workspace/github/vendingMachine/target/surefire/surefirebooter6170627086321184364.jar /Users/agrigoryan2/workspace/github/vendingMachine/target/surefire 2020-02-15T20-07-45_690-jvmRun1 surefire8255676170781673754tmp surefire_017213629316641857618tmp"/>
    <property name="jdk.debug" value="release"/>
    <property name="surefire.test.class.path" value="/Users/agrigoryan2/workspace/github/vendingMachine/target/test-classes:/Users/agrigoryan2/workspace/github/vendingMachine/target/classes:/Users/agrigoryan2/.m2/repository/org/spockframework/spock-core/2.0-M1-groovy-2.5/spock-core-2.0-M1-groovy-2.5.jar:/Users/agrigoryan2/.m2/repository/org/codehaus/groovy/groovy-json/2.5.8/groovy-json-2.5.8.jar:/Users/agrigoryan2/.m2/repository/org/codehaus/groovy/groovy-nio/2.5.8/groovy-nio-2.5.8.jar:/Users/agrigoryan2/.m2/repository/org/codehaus/groovy/groovy-macro/2.5.8/groovy-macro-2.5.8.jar:/Users/agrigoryan2/.m2/repository/org/codehaus/groovy/groovy-templates/2.5.8/groovy-templates-2.5.8.jar:/Users/agrigoryan2/.m2/repository/org/codehaus/groovy/groovy-test/2.5.8/groovy-test-2.5.8.jar:/Users/agrigoryan2/.m2/repository/org/codehaus/groovy/groovy-sql/2.5.8/groovy-sql-2.5.8.jar:/Users/agrigoryan2/.m2/repository/org/codehaus/groovy/groovy-xml/2.5.8/groovy-xml-2.5.8.jar:/Users/agrigoryan2/.m2/repository/org/junit/platform/junit-platform-engine/1.5.2/junit-platform-engine-1.5.2.jar:/Users/agrigoryan2/.m2/repository/org/apiguardian/apiguardian-api/1.1.0/apiguardian-api-1.1.0.jar:/Users/agrigoryan2/.m2/repository/org/opentest4j/opentest4j/1.2.0/opentest4j-1.2.0.jar:/Users/agrigoryan2/.m2/repository/org/junit/platform/junit-platform-commons/1.5.2/junit-platform-commons-1.5.2.jar:/Users/agrigoryan2/.m2/repository/junit/junit/4.12/junit-4.12.jar:/Users/agrigoryan2/.m2/repository/org/spockframework/spock-junit4/2.0-M1-groovy-2.5/spock-junit4-2.0-M1-groovy-2.5.jar:/Users/agrigoryan2/.m2/repository/org/codehaus/groovy/groovy/2.5.8/groovy-2.5.8.jar:/Users/agrigoryan2/.m2/repository/net/bytebuddy/byte-buddy/1.9.3/byte-buddy-1.9.3.jar:/Users/agrigoryan2/.m2/repository/org/objenesis/objenesis/2.6/objenesis-2.6.jar:/Users/agrigoryan2/.m2/repository/org/hamcrest/hamcrest-core/1.3/hamcrest-core-1.3.jar:"/>
    <property name="sun.cpu.endian" value="little"/>
    <property name="user.home" value="/Users/agrigoryan2"/>
    <property name="user.language" value="en"/>
    <property name="java.specification.vendor" value="Oracle Corporation"/>
    <property name="java.version.date" value="2019-01-15"/>
    <property name="java.home" value="/Library/Java/JavaVirtualMachines/openjdk-11.0.2.jdk/Contents/Home"/>
    <property name="file.separator" value="/"/>
    <property name="basedir" value="/Users/agrigoryan2/workspace/github/vendingMachine"/>
    <property name="java.vm.compressedOopsMode" value="Zero based"/>
    <property name="line.separator" value="&#10;"/>
    <property name="java.specification.name" value="Java Platform API Specification"/>
    <property name="java.vm.specification.vendor" value="Oracle Corporation"/>
    <property name="java.awt.graphicsenv" value="sun.awt.CGraphicsEnvironment"/>
    <property name="surefire.real.class.path" value="/Users/agrigoryan2/workspace/github/vendingMachine/target/surefire/surefirebooter6170627086321184364.jar"/>
    <property name="sun.management.compiler" value="HotSpot 64-Bit Tiered Compilers"/>
    <property name="java.runtime.version" value="11.0.2+9"/>
    <property name="user.name" value="agrigoryan2"/>
    <property name="path.separator" value=":"/>
    <property name="os.version" value="10.14.6"/>
    <property name="java.runtime.name" value="OpenJDK Runtime Environment"/>
    <property name="file.encoding" value="UTF-8"/>
    <property name="java.vm.name" value="OpenJDK 64-Bit Server VM"/>
    <property name="java.vendor.version" value="18.9"/>
    <property name="localRepository" value="/Users/agrigoryan2/.m2/repository"/>
    <property name="java.vendor.url.bug" value="http://bugreport.java.com/bugreport/"/>
    <property name="java.io.tmpdir" value="/var/folders/ls/s740hv1x0js5n7hk44hhqm1hg74wh2/T/"/>
    <property name="java.version" value="11.0.2"/>
    <property name="user.dir" value="/Users/agrigoryan2/workspace/github/vendingMachine"/>
    <property name="os.arch" value="x86_64"/>
    <property name="java.vm.specification.name" value="Java Virtual Machine Specification"/>
    <property name="java.awt.printerjob" value="sun.lwawt.macosx.CPrinterJob"/>
    <property name="sun.os.patch.level" value="unknown"/>
    <property name="java.library.path" value="/Users/agrigoryan2/Library/Java/Extensions:/Library/Java/Extensions:/Network/Library/Java/Extensions:/System/Library/Java/Extensions:/usr/lib/java:."/>
    <property name="java.vendor" value="Oracle Corporation"/>
    <property name="java.vm.info" value="mixed mode"/>
    <property name="java.vm.version" value="11.0.2+9"/>
    <property name="sun.io.unicode.encoding" value="UnicodeBig"/>
    <property name="java.class.version" value="55.0"/>
  </properties>
  <testcase name="Run machine  select #product, insert #paid (Object,Object,Object,Object)" classname="com.arthurgrig.vendingMachine.VendingMachineTest" time="0.015"/>
  <testcase name="Run machine  select #product, insert #paid (Object,Object,Object,Object)" classname="com.arthurgrig.vendingMachine.VendingMachineTest" time="0.002"/>
  <testcase name="Run machine  select #product, insert #paid (Object,Object,Object,Object)" classname="com.arthurgrig.vendingMachine.VendingMachineTest" time="0.001"/>
  <testcase name="Run machine  select #product, insert #paid (Object,Object,Object,Object)" classname="com.arthurgrig.vendingMachine.VendingMachineTest" time="0.001"/>
</testsuite>